请求地址：/,请求方法：GET,响应时间：11ms,响应状态:200--请求时间：Thu Jan 24 2019 16:38:39 GMT+0800 (GMT+08:00)
请求地址：/query,请求方法：GET,响应时间：1ms,响应状态:200--请求时间：Thu Jan 24 2019 16:39:06 GMT+0800 (GMT+08:00)
请求地址：/param/2,请求方法：GET,响应时间：1ms,响应状态:200--请求时间：Thu Jan 24 2019 16:39:15 GMT+0800 (GMT+08:00)
请求地址：/test,请求方法：GET,响应时间：14ms,响应状态:200--请求时间：Thu Jan 24 2019 16:39:20 GMT+0800 (GMT+08:00)
请求地址：/all,请求方法：GET,响应时间：0ms,响应状态:200--请求时间：Thu Jan 24 2019 16:39:28 GMT+0800 (GMT+08:00)
请求地址：/static,请求方法：GET,响应时间：1ms,响应状态:200--请求时间：Thu Jan 24 2019 16:39:32 GMT+0800 (GMT+08:00)
请求地址：/user,请求方法：POST,响应时间：34ms,响应状态:200--请求时间：Thu Jan 24 2019 16:40:19 GMT+0800 (GMT+08:00)
请求地址：/user,请求方法：POST,响应时间：1ms,响应状态:200--请求时间：Thu Jan 24 2019 16:40:56 GMT+0800 (GMT+08:00)
请求地址：/account/signup,请求方法：POST,响应时间：30ms,响应状态:200--请求时间：Thu Jan 24 2019 16:46:51 GMT+0800 (GMT+08:00)
请求地址：/account/signup,请求方法：POST,响应时间：36ms,响应状态:200--请求时间：Thu Jan 24 2019 16:47:00 GMT+0800 (GMT+08:00)
请求地址：/account/signup,请求方法：POST,响应时间：124ms,响应状态:200--请求时间：Thu Jan 24 2019 16:47:04 GMT+0800 (GMT+08:00)
请求地址：/account/signin,请求方法：POST,响应时间：4ms,响应状态:200--请求时间：Thu Jan 24 2019 16:47:12 GMT+0800 (GMT+08:00)
请求地址：/account/signin,请求方法：POST,响应时间：66ms,响应状态:200--请求时间：Thu Jan 24 2019 16:50:09 GMT+0800 (GMT+08:00)
请求地址：/account/signin,请求方法：POST,响应时间：66ms,响应状态:200--请求时间：Thu Jan 24 2019 16:51:11 GMT+0800 (GMT+08:00)
请求地址：/account/signin,请求方法：POST,响应时间：128ms,响应状态:200--请求时间：Thu Jan 24 2019 16:53:01 GMT+0800 (GMT+08:00)
请求地址：/account/signin,请求方法：POST,响应时间：123ms,响应状态:200--请求时间：Thu Jan 24 2019 16:54:03 GMT+0800 (GMT+08:00)
请求地址：/account/signin,请求方法：POST,响应时间：84ms,响应状态:200--请求时间：Thu Jan 24 2019 16:54:06 GMT+0800 (GMT+08:00)
请求地址：/account/signin,请求方法：POST,响应时间：117ms,响应状态:200--请求时间：Thu Jan 24 2019 16:54:10 GMT+0800 (GMT+08:00)
请求地址：/account/signin,请求方法：POST,响应时间：3ms,响应状态:200--请求时间：Thu Jan 24 2019 16:54:14 GMT+0800 (GMT+08:00)
请求地址：/account/update,请求方法：POST,响应时间：25ms,响应状态:404--请求时间：Thu Jan 24 2019 16:56:08 GMT+0800 (GMT+08:00)
请求地址：/account/reset,请求方法：POST,响应时间：8ms,响应状态:200--请求时间：Thu Jan 24 2019 16:56:27 GMT+0800 (GMT+08:00)
请求地址：/account/reset,请求方法：POST,响应时间：20ms,响应状态:200--请求时间：Thu Jan 24 2019 16:56:40 GMT+0800 (GMT+08:00)
请求地址：/account/reset,请求方法：POST,响应时间：88ms,响应状态:200--请求时间：Thu Jan 24 2019 16:56:45 GMT+0800 (GMT+08:00)
请求地址：/account/reset,请求方法：POST,响应时间：167ms,响应状态:200--请求时间：Thu Jan 24 2019 16:56:50 GMT+0800 (GMT+08:00)
请求地址：/account/signin,请求方法：POST,响应时间：83ms,响应状态:200--请求时间：Thu Jan 24 2019 16:57:00 GMT+0800 (GMT+08:00)
请求地址：/account/signin,请求方法：POST,响应时间：110ms,响应状态:200--请求时间：Thu Jan 24 2019 16:57:04 GMT+0800 (GMT+08:00)
请求地址：/account/queryAccount,请求方法：GET,响应时间：6ms,响应状态:404--请求时间：Thu Jan 24 2019 16:57:26 GMT+0800 (GMT+08:00)
请求地址：/account/name,请求方法：GET,响应时间：2ms,响应状态:200--请求时间：Thu Jan 24 2019 16:57:35 GMT+0800 (GMT+08:00)
请求地址：/account/queryByid,请求方法：GET,响应时间：6ms,响应状态:200--请求时间：Thu Jan 24 2019 16:58:13 GMT+0800 (GMT+08:00)
请求地址：/github/feeds,请求方法：GET,响应时间：4586ms,响应状态:200--请求时间：Thu Jan 24 2019 16:59:17 GMT+0800 (GMT+08:00)
