TypeError,app.user is not a function,TypeError: app.user is not a function
    at Object.<anonymous> (/Users/shenyiling/gitPro/koa-introduction/index.js:35:9)
    at Module._compile (module.js:652:30)
    at Object.Module._extensions..js (module.js:663:10)
    at Module.load (module.js:565:32)
    at tryModuleLoad (module.js:505:12)
    at Function.Module._load (module.js:497:3)
    at Function.Module.runMain (module.js:693:10)
    at startup (bootstrap_node.js:191:16)
    at bootstrap_node.js:612:3,Thu Dec 06 2018 11:26:14 GMT+0800 (CST)TypeError,app.user is not a function,TypeError: app.user is not a function
    at Object.<anonymous> (/Users/shenyiling/gitPro/koa-introduction/index.js:35:9)
    at Module._compile (module.js:652:30)
    at Object.Module._extensions..js (module.js:663:10)
    at Module.load (module.js:565:32)
    at tryModuleLoad (module.js:505:12)
    at Function.Module._load (module.js:497:3)
    at Function.Module.runMain (module.js:693:10)
    at startup (bootstrap_node.js:191:16)
    at bootstrap_node.js:612:3,Thu Dec 06 2018 11:27:52 GMT+0800 (CST)TypeError,koa_static_1.default is not a function,TypeError: koa_static_1.default is not a function
    at Object.<anonymous> (/Users/shenyiling/gitPro/koa-introduction/dist/index.js:24:33)
    at Module._compile (module.js:652:30)
    at Object.Module._extensions..js (module.js:663:10)
    at Module.load (module.js:565:32)
    at tryModuleLoad (module.js:505:12)
    at Function.Module._load (module.js:497:3)
    at Function.Module.runMain (module.js:693:10)
    at startup (bootstrap_node.js:191:16)
    at bootstrap_node.js:612:3,Fri Dec 21 2018 13:29:20 GMT+0800 (CST)TypeError,koa_static_1.default is not a function,TypeError: koa_static_1.default is not a function
    at Object.<anonymous> (/Users/shenyiling/gitPro/koa-introduction/dist/index.js:24:33)
    at Module._compile (module.js:652:30)
    at Object.Module._extensions..js (module.js:663:10)
    at Module.load (module.js:565:32)
    at tryModuleLoad (module.js:505:12)
    at Function.Module._load (module.js:497:3)
    at Function.Module.runMain (module.js:693:10)
    at startup (bootstrap_node.js:191:16)
    at bootstrap_node.js:612:3,Fri Dec 21 2018 13:29:33 GMT+0800 (CST)TypeError,koa_nunjucks_2_1.default is not a function,TypeError: koa_nunjucks_2_1.default is not a function
    at Object.<anonymous> (/Users/shenyiling/gitPro/koa-introduction/dist/index.js:25:37)
    at Module._compile (module.js:652:30)
    at Object.Module._extensions..js (module.js:663:10)
    at Module.load (module.js:565:32)
    at tryModuleLoad (module.js:505:12)
    at Function.Module._load (module.js:497:3)
    at Function.Module.runMain (module.js:693:10)
    at startup (bootstrap_node.js:191:16)
    at bootstrap_node.js:612:3,Fri Dec 28 2018 09:53:58 GMT+0800 (CST)TypeError,koa_nunjucks_2_1.default is not a function,TypeError: koa_nunjucks_2_1.default is not a function
    at Object.<anonymous> (/Users/shenyiling/gitPro/koa-introduction/dist/index.js:25:37)
    at Module._compile (module.js:652:30)
    at Object.Module._extensions..js (module.js:663:10)
    at Module.load (module.js:565:32)
    at tryModuleLoad (module.js:505:12)
    at Function.Module._load (module.js:497:3)
    at Function.Module.runMain (module.js:693:10)
    at startup (bootstrap_node.js:191:16)
    at bootstrap_node.js:612:3,Fri Dec 28 2018 10:00:10 GMT+0800 (CST)TypeError,koa_nunjucks_2_1.default is not a function,TypeError: koa_nunjucks_2_1.default is not a function
    at Object.<anonymous> (/Users/shenyiling/gitPro/koa-introduction/dist/index.js:25:37)
    at Module._compile (module.js:652:30)
    at Object.Module._extensions..js (module.js:663:10)
    at Module.load (module.js:565:32)
    at tryModuleLoad (module.js:505:12)
    at Function.Module._load (module.js:497:3)
    at Function.Module.runMain (module.js:693:10)
    at startup (bootstrap_node.js:191:16)
    at bootstrap_node.js:612:3,Fri Dec 28 2018 10:00:51 GMT+0800 (CST)TypeError,koa_nunjucks_2_1.default is not a function,TypeError: koa_nunjucks_2_1.default is not a function
    at Object.<anonymous> (/Users/shenyiling/gitPro/koa-introduction/dist/index.js:25:37)
    at Module._compile (module.js:652:30)
    at Object.Module._extensions..js (module.js:663:10)
    at Module.load (module.js:565:32)
    at tryModuleLoad (module.js:505:12)
    at Function.Module._load (module.js:497:3)
    at Function.Module.runMain (module.js:693:10)
    at startup (bootstrap_node.js:191:16)
    at bootstrap_node.js:612:3,Fri Dec 28 2018 10:09:28 GMT+0800 (CST)TypeError,koa_nunjucks_2_1.default is not a function,TypeError: koa_nunjucks_2_1.default is not a function
    at Object.<anonymous> (/Users/shenyiling/gitPro/koa-introduction/dist/index.js:23:37)
    at Module._compile (module.js:652:30)
    at Object.Module._extensions..js (module.js:663:10)
    at Module.load (module.js:565:32)
    at tryModuleLoad (module.js:505:12)
    at Function.Module._load (module.js:497:3)
    at Function.Module.runMain (module.js:693:10)
    at startup (bootstrap_node.js:191:16)
    at bootstrap_node.js:612:3,Fri Dec 28 2018 10:11:10 GMT+0800 (CST)TypeError,koa_nunjucks_2_1.default is not a function,TypeError: koa_nunjucks_2_1.default is not a function
    at Object.<anonymous> (/Users/shenyiling/gitPro/koa-introduction/dist/index.js:23:37)
    at Module._compile (module.js:652:30)
    at Object.Module._extensions..js (module.js:663:10)
    at Module.load (module.js:565:32)
    at tryModuleLoad (module.js:505:12)
    at Function.Module._load (module.js:497:3)
    at Function.Module.runMain (module.js:693:10)
    at startup (bootstrap_node.js:191:16)
    at bootstrap_node.js:612:3,Fri Dec 28 2018 10:11:15 GMT+0800 (CST)TypeError,koa_nunjucks_2_1.default is not a function,TypeError: koa_nunjucks_2_1.default is not a function
    at Object.<anonymous> (/Users/shenyiling/gitPro/koa-introduction/dist/index.js:23:37)
    at Module._compile (module.js:652:30)
    at Object.Module._extensions..js (module.js:663:10)
    at Module.load (module.js:565:32)
    at tryModuleLoad (module.js:505:12)
    at Function.Module._load (module.js:497:3)
    at Function.Module.runMain (module.js:693:10)
    at startup (bootstrap_node.js:191:16)
    at bootstrap_node.js:612:3,Fri Dec 28 2018 10:11:42 GMT+0800 (CST)TypeError,koa_nunjucks_2_1.default is not a function,TypeError: koa_nunjucks_2_1.default is not a function
    at Object.<anonymous> (/Users/shenyiling/gitPro/koa-introduction/dist/index.js:23:37)
    at Module._compile (module.js:652:30)
    at Object.Module._extensions..js (module.js:663:10)
    at Module.load (module.js:565:32)
    at tryModuleLoad (module.js:505:12)
    at Function.Module._load (module.js:497:3)
    at Function.Module.runMain (module.js:693:10)
    at startup (bootstrap_node.js:191:16)
    at bootstrap_node.js:612:3,Fri Dec 28 2018 10:12:01 GMT+0800 (CST)TypeError,koa_nunjucks_2_1.default is not a function,TypeError: koa_nunjucks_2_1.default is not a function
    at Object.<anonymous> (/Users/shenyiling/gitPro/koa-introduction/dist/index.js:21:37)
    at Module._compile (module.js:652:30)
    at Object.Module._extensions..js (module.js:663:10)
    at Module.load (module.js:565:32)
    at tryModuleLoad (module.js:505:12)
    at Function.Module._load (module.js:497:3)
    at Function.Module.runMain (module.js:693:10)
    at startup (bootstrap_node.js:191:16)
    at bootstrap_node.js:612:3,Sat Dec 29 2018 09:42:39 GMT+0800 (CST)TypeError,koa_nunjucks_2_1.default is not a function,TypeError: koa_nunjucks_2_1.default is not a function
    at Object.<anonymous> (/Users/shenyiling/gitPro/koa-introduction/dist/index.js:22:37)
    at Module._compile (module.js:652:30)
    at Object.Module._extensions..js (module.js:663:10)
    at Module.load (module.js:565:32)
    at tryModuleLoad (module.js:505:12)
    at Function.Module._load (module.js:497:3)
    at Function.Module.runMain (module.js:693:10)
    at startup (bootstrap_node.js:191:16)
    at bootstrap_node.js:612:3,Sat Dec 29 2018 10:03:00 GMT+0800 (CST)TypeError,koa_nunjucks_2_1.default is not a function,TypeError: koa_nunjucks_2_1.default is not a function
    at Object.<anonymous> (/Users/shenyiling/gitPro/koa-introduction/dist/index.js:22:37)
    at Module._compile (module.js:652:30)
    at Object.Module._extensions..js (module.js:663:10)
    at Module.load (module.js:565:32)
    at tryModuleLoad (module.js:505:12)
    at Function.Module._load (module.js:497:3)
    at Function.Module.runMain (module.js:693:10)
    at startup (bootstrap_node.js:191:16)
    at bootstrap_node.js:612:3,Sat Dec 29 2018 10:03:16 GMT+0800 (CST)TypeError,koa_nunjucks_2_1.default is not a function,TypeError: koa_nunjucks_2_1.default is not a function
    at Object.<anonymous> (/Users/shenyiling/gitPro/koa-introduction/dist/index.js:22:37)
    at Module._compile (module.js:652:30)
    at Object.Module._extensions..js (module.js:663:10)
    at Module.load (module.js:565:32)
    at tryModuleLoad (module.js:505:12)
    at Function.Module._load (module.js:497:3)
    at Function.Module.runMain (module.js:693:10)
    at startup (bootstrap_node.js:191:16)
    at bootstrap_node.js:612:3,Sat Dec 29 2018 10:03:45 GMT+0800 (CST)